<?xml version="1.0" encoding="UTF-8"?>
<testng-results skipped="0" failed="0" ignored="0" total="5" passed="5">
  <reporter-output>
  </reporter-output>
  <suite name="Surefire suite" duration-ms="562171" started-at="2021-06-23T10:31:23 EDT" finished-at="2021-06-23T10:40:45 EDT">
    <groups>
      <group name="cucumber">
        <method signature="AbstractTestNGCucumberTests.runScenario(io.cucumber.testng.PickleWrapper,io.cucumber.testng.FeatureWrapper)[pri:0, instance:com.combinations.framework.FindAllEnglishWords.Runner.TestRunner@29b5cd00]" name="runScenario" class="io.cucumber.testng.AbstractTestNGCucumberTests"/>
      </group> <!-- cucumber -->
    </groups>
    <test name="Surefire test" duration-ms="562171" started-at="2021-06-23T10:31:23 EDT" finished-at="2021-06-23T10:40:45 EDT">
      <class name="com.combinations.framework.FindAllEnglishWords.Runner.TestRunner">
        <test-method status="PASS" signature="setUpClass()[pri:0, instance:com.combinations.framework.FindAllEnglishWords.Runner.TestRunner@29b5cd00]" name="setUpClass" is-config="true" duration-ms="1169" started-at="2021-06-23T10:31:23 EDT" finished-at="2021-06-23T10:31:24 EDT">
          <reporter-output>
          </reporter-output>
        </test-method> <!-- setUpClass -->
        <test-method status="PASS" signature="runScenario(io.cucumber.testng.PickleWrapper,io.cucumber.testng.FeatureWrapper)[pri:0, instance:com.combinations.framework.FindAllEnglishWords.Runner.TestRunner@29b5cd00]" name="runScenario" duration-ms="8773" started-at="2021-06-23T10:31:24 EDT" description="Runs Cucumber Scenarios" data-provider="scenarios" finished-at="2021-06-23T10:31:33 EDT">
          <params>
            <param index="0">
              <value>
                <![CDATA["Unscramble the given word"]]>
              </value>
            </param>
            <param index="1">
              <value>
                <![CDATA["Optional[Unscramble word]"]]>
              </value>
            </param>
          </params>
          <reporter-output>
          </reporter-output>
        </test-method> <!-- runScenario -->
        <test-method status="PASS" signature="runScenario(io.cucumber.testng.PickleWrapper,io.cucumber.testng.FeatureWrapper)[pri:0, instance:com.combinations.framework.FindAllEnglishWords.Runner.TestRunner@29b5cd00]" name="runScenario" duration-ms="2662" started-at="2021-06-23T10:31:33 EDT" description="Runs Cucumber Scenarios" data-provider="scenarios" finished-at="2021-06-23T10:31:35 EDT">
          <params>
            <param index="0">
              <value>
                <![CDATA["Unscramble the given word"]]>
              </value>
            </param>
            <param index="1">
              <value>
                <![CDATA["Optional[Unscramble word]"]]>
              </value>
            </param>
          </params>
          <reporter-output>
          </reporter-output>
        </test-method> <!-- runScenario -->
        <test-method status="PASS" signature="runScenario(io.cucumber.testng.PickleWrapper,io.cucumber.testng.FeatureWrapper)[pri:0, instance:com.combinations.framework.FindAllEnglishWords.Runner.TestRunner@29b5cd00]" name="runScenario" duration-ms="6250" started-at="2021-06-23T10:31:35 EDT" description="Runs Cucumber Scenarios" data-provider="scenarios" finished-at="2021-06-23T10:31:41 EDT">
          <params>
            <param index="0">
              <value>
                <![CDATA["Unscramble the given word"]]>
              </value>
            </param>
            <param index="1">
              <value>
                <![CDATA["Optional[Unscramble word]"]]>
              </value>
            </param>
          </params>
          <reporter-output>
          </reporter-output>
        </test-method> <!-- runScenario -->
        <test-method status="PASS" signature="runScenario(io.cucumber.testng.PickleWrapper,io.cucumber.testng.FeatureWrapper)[pri:0, instance:com.combinations.framework.FindAllEnglishWords.Runner.TestRunner@29b5cd00]" name="runScenario" duration-ms="5269" started-at="2021-06-23T10:31:41 EDT" description="Runs Cucumber Scenarios" data-provider="scenarios" finished-at="2021-06-23T10:31:47 EDT">
          <params>
            <param index="0">
              <value>
                <![CDATA["Unscramble the given word"]]>
              </value>
            </param>
            <param index="1">
              <value>
                <![CDATA["Optional[Unscramble word]"]]>
              </value>
            </param>
          </params>
          <reporter-output>
          </reporter-output>
        </test-method> <!-- runScenario -->
        <test-method status="PASS" signature="runScenario(io.cucumber.testng.PickleWrapper,io.cucumber.testng.FeatureWrapper)[pri:0, instance:com.combinations.framework.FindAllEnglishWords.Runner.TestRunner@29b5cd00]" name="runScenario" duration-ms="530510" started-at="2021-06-23T10:31:47 EDT" description="Runs Cucumber Scenarios" data-provider="scenarios" finished-at="2021-06-23T10:40:37 EDT">
          <params>
            <param index="0">
              <value>
                <![CDATA["Unscramble the given word"]]>
              </value>
            </param>
            <param index="1">
              <value>
                <![CDATA["Optional[Unscramble word]"]]>
              </value>
            </param>
          </params>
          <reporter-output>
          </reporter-output>
        </test-method> <!-- runScenario -->
        <test-method status="PASS" signature="tearDownClass()[pri:0, instance:com.combinations.framework.FindAllEnglishWords.Runner.TestRunner@29b5cd00]" name="tearDownClass" is-config="true" duration-ms="7421" started-at="2021-06-23T10:40:37 EDT" finished-at="2021-06-23T10:40:45 EDT">
          <reporter-output>
          </reporter-output>
        </test-method> <!-- tearDownClass -->
      </class> <!-- com.combinations.framework.FindAllEnglishWords.Runner.TestRunner -->
    </test> <!-- Surefire test -->
  </suite> <!-- Surefire suite -->
</testng-results>
