<?xml version="1.0" encoding="UTF-8"?>
<testsuite xmlns:xsi="http://www.w3.org/2001/XMLSchema-instance" xsi:noNamespaceSchemaLocation="https://maven.apache.org/surefire/maven-surefire-plugin/xsd/surefire-test-report.xsd" name="com.combinations.framework.FindAllEnglishWords.Runner.TestRunner" time="563.145" tests="5" errors="0" skipped="0" failures="0">
  <properties>
[...]
</properties>
  <testcase name="runScenario" classname="com.combinations.framework.FindAllEnglishWords.Runner.TestRunner" time="8.78"/>
  <testcase name="runScenario" classname="com.combinations.framework.FindAllEnglishWords.Runner.TestRunner" time="2.654"/>
  <testcase name="runScenario" classname="com.combinations.framework.FindAllEnglishWords.Runner.TestRunner" time="6.251"/>
  <testcase name="runScenario" classname="com.combinations.framework.FindAllEnglishWords.Runner.TestRunner" time="5.28"/>
  <testcase name="runScenario" classname="com.combinations.framework.FindAllEnglishWords.Runner.TestRunner" time="530.507"/>
</testsuite>